<?xml version="1.0" encoding="UTF-8"?>
<!-- Generated by org.testng.reporters.JUnitXMLReporter -->
<testsuite hostname="LAPTOP-015GC0K1" ignored="0" name="TC002_ServicesSection" tests="16" failures="1" timestamp="21 Mar 2021 22:15:06 GMT" time="149.658" errors="0">
  <testcase name="@BeforeClass beforeSuite" time="7.757" classname="com.groot.suite2.Testcases.BaseClass">
    <failure type="org.openqa.selenium.WebDriverException" message="unknown error: net::ERR_NAME_NOT_RESOLVED
  (Session info: chrome=89.0.4389.90)
Build info: version: &amp;apos;3.141.59&amp;apos;, revision: &amp;apos;e82be7d358&amp;apos;, time: &amp;apos;2018-11-14T08:25:53&amp;apos;
System info: host: &amp;apos;LAPTOP-015GC0K1&amp;apos;, ip: &amp;apos;192.168.137.1&amp;apos;, os.name: &amp;apos;Windows 10&amp;apos;, os.arch: &amp;apos;amd64&amp;apos;, os.version: &amp;apos;10.0&amp;apos;, java.version: &amp;apos;1.8.0_221&amp;apos;
Driver info: org.openqa.selenium.chrome.ChromeDriver
Capabilities {acceptInsecureCerts: false, browserName: chrome, browserVersion: 89.0.4389.90, chrome: {chromedriverVersion: 89.0.4389.23 (61b08ee2c5002..., userDataDir: C:\Users\SENTHI~1\AppData\L...}, goog:chromeOptions: {debuggerAddress: localhost:60103}, javascriptEnabled: true, networkConnectionEnabled: false, pageLoadStrategy: normal, platform: WINDOWS, platformName: WINDOWS, proxy: Proxy(), setWindowRect: true, strictFileInteractability: false, timeouts: {implicit: 0, pageLoad: 300000, script: 30000}, unhandledPromptBehavior: dismiss and notify, webauthn:extension:largeBlob: true, webauthn:virtualAuthenticators: true}
Session ID: 7e2f1154ec7628b30d69bd1521ea4dbf">
      <![CDATA[org.openqa.selenium.WebDriverException: unknown error: net::ERR_NAME_NOT_RESOLVED
  (Session info: chrome=89.0.4389.90)
Build info: version: '3.141.59', revision: 'e82be7d358', time: '2018-11-14T08:25:53'
System info: host: 'LAPTOP-015GC0K1', ip: '192.168.137.1', os.name: 'Windows 10', os.arch: 'amd64', os.version: '10.0', java.version: '1.8.0_221'
Driver info: org.openqa.selenium.chrome.ChromeDriver
Capabilities {acceptInsecureCerts: false, browserName: chrome, browserVersion: 89.0.4389.90, chrome: {chromedriverVersion: 89.0.4389.23 (61b08ee2c5002..., userDataDir: C:\Users\SENTHI~1\AppData\L...}, goog:chromeOptions: {debuggerAddress: localhost:60103}, javascriptEnabled: true, networkConnectionEnabled: false, pageLoadStrategy: normal, platform: WINDOWS, platformName: WINDOWS, proxy: Proxy(), setWindowRect: true, strictFileInteractability: false, timeouts: {implicit: 0, pageLoad: 300000, script: 30000}, unhandledPromptBehavior: dismiss and notify, webauthn:extension:largeBlob: true, webauthn:virtualAuthenticators: true}
Session ID: 7e2f1154ec7628b30d69bd1521ea4dbf
	at org.openqa.selenium.remote.http.W3CHttpResponseCodec.createException(W3CHttpResponseCodec.java:187)
	at org.openqa.selenium.remote.http.W3CHttpResponseCodec.decode(W3CHttpResponseCodec.java:122)
	at org.openqa.selenium.remote.http.W3CHttpResponseCodec.decode(W3CHttpResponseCodec.java:49)
	at org.openqa.selenium.remote.HttpCommandExecutor.execute(HttpCommandExecutor.java:158)
	at org.openqa.selenium.remote.service.DriverCommandExecutor.execute(DriverCommandExecutor.java:83)
	at org.openqa.selenium.remote.RemoteWebDriver.execute(RemoteWebDriver.java:552)
	at org.openqa.selenium.remote.RemoteWebDriver.get(RemoteWebDriver.java:277)
	at com.groot.suite2.Testcases.BaseClass.beforeSuite(BaseClass.java:36)
	at java.util.concurrent.FutureTask.run(FutureTask.java:266)
	at java.util.concurrent.ThreadPoolExecutor.runWorker(ThreadPoolExecutor.java:1149)
	at java.util.concurrent.ThreadPoolExecutor$Worker.run(ThreadPoolExecutor.java:624)
	at java.lang.Thread.run(Thread.java:748)
... Removed 20 stack frames]]>
    </failure>
  </testcase> <!-- @BeforeClass beforeSuite -->
  <testcase name="@BeforeClass beforeSuite" time="0.0" classname="com.groot.suite2.Testcases.BaseClass">
    <skipped/>
  </testcase> <!-- @BeforeClass beforeSuite -->
  <testcase name="@BeforeClass beforeSuite" time="0.0" classname="com.groot.suite2.Testcases.BaseClass">
    <skipped/>
  </testcase> <!-- @BeforeClass beforeSuite -->
  <testcase name="@AfterClass afterSuite" time="0.0" classname="com.groot.suite2.Testcases.BaseClass">
    <skipped/>
  </testcase> <!-- @AfterClass afterSuite -->
  <testcase name="@AfterClass afterSuite" time="0.0" classname="com.groot.suite2.Testcases.BaseClass">
    <skipped/>
  </testcase> <!-- @AfterClass afterSuite -->
  <testcase name="@AfterClass afterSuite" time="0.0" classname="com.groot.suite2.Testcases.BaseClass">
    <skipped/>
  </testcase> <!-- @AfterClass afterSuite -->
  <testcase name="@AfterClass afterSuite" time="0.0" classname="com.groot.suite2.Testcases.BaseClass">
    <skipped/>
  </testcase> <!-- @AfterClass afterSuite -->
  <testcase name="@AfterClass afterSuite" time="0.0" classname="com.groot.suite2.Testcases.BaseClass">
    <skipped/>
  </testcase> <!-- @AfterClass afterSuite -->
  <testcase name="@AfterClass afterSuite" time="0.0" classname="com.groot.suite2.Testcases.BaseClass">
    <skipped/>
  </testcase> <!-- @AfterClass afterSuite -->
  <testcase name="@AfterClass afterSuite" time="0.0" classname="com.groot.suite2.Testcases.BaseClass">
    <skipped/>
  </testcase> <!-- @AfterClass afterSuite -->
  <testcase name="LaunchBroswer" time="9.925" classname="com.groot.suite2.Testcases.TC001_HomeSection"/>
  <testcase name="ServicesSection" time="64.082" classname="com.groot.suite2.Testcases.TC002_ServicesSection">
    <failure type="org.openqa.selenium.TimeoutException" message="Expected condition failed: waiting for visibility of all elements located by By.linkText: element (tried for 60 second(s) with 500 milliseconds interval)
Build info: version: &amp;apos;3.141.59&amp;apos;, revision: &amp;apos;e82be7d358&amp;apos;, time: &amp;apos;2018-11-14T08:25:53&amp;apos;
System info: host: &amp;apos;LAPTOP-015GC0K1&amp;apos;, ip: &amp;apos;192.168.137.1&amp;apos;, os.name: &amp;apos;Windows 10&amp;apos;, os.arch: &amp;apos;amd64&amp;apos;, os.version: &amp;apos;10.0&amp;apos;, java.version: &amp;apos;1.8.0_221&amp;apos;
Driver info: org.openqa.selenium.chrome.ChromeDriver
Capabilities {acceptInsecureCerts: false, browserName: chrome, browserVersion: 89.0.4389.90, chrome: {chromedriverVersion: 89.0.4389.23 (61b08ee2c5002..., userDataDir: C:\Users\SENTHI~1\AppData\L...}, goog:chromeOptions: {debuggerAddress: localhost:59956}, javascriptEnabled: true, networkConnectionEnabled: false, pageLoadStrategy: normal, platform: WINDOWS, platformName: WINDOWS, proxy: Proxy(), setWindowRect: true, strictFileInteractability: false, timeouts: {implicit: 0, pageLoad: 300000, script: 30000}, unhandledPromptBehavior: dismiss and notify, webauthn:extension:largeBlob: true, webauthn:virtualAuthenticators: true}
Session ID: 21857e88a2fecc86d1cd86b55b0ae54d">
      <![CDATA[org.openqa.selenium.TimeoutException: Expected condition failed: waiting for visibility of all elements located by By.linkText: element (tried for 60 second(s) with 500 milliseconds interval)
Build info: version: '3.141.59', revision: 'e82be7d358', time: '2018-11-14T08:25:53'
System info: host: 'LAPTOP-015GC0K1', ip: '192.168.137.1', os.name: 'Windows 10', os.arch: 'amd64', os.version: '10.0', java.version: '1.8.0_221'
Driver info: org.openqa.selenium.chrome.ChromeDriver
Capabilities {acceptInsecureCerts: false, browserName: chrome, browserVersion: 89.0.4389.90, chrome: {chromedriverVersion: 89.0.4389.23 (61b08ee2c5002..., userDataDir: C:\Users\SENTHI~1\AppData\L...}, goog:chromeOptions: {debuggerAddress: localhost:59956}, javascriptEnabled: true, networkConnectionEnabled: false, pageLoadStrategy: normal, platform: WINDOWS, platformName: WINDOWS, proxy: Proxy(), setWindowRect: true, strictFileInteractability: false, timeouts: {implicit: 0, pageLoad: 300000, script: 30000}, unhandledPromptBehavior: dismiss and notify, webauthn:extension:largeBlob: true, webauthn:virtualAuthenticators: true}
Session ID: 21857e88a2fecc86d1cd86b55b0ae54d
	at org.openqa.selenium.support.ui.WebDriverWait.timeoutException(WebDriverWait.java:95)
	at org.openqa.selenium.support.ui.FluentWait.until(FluentWait.java:272)
	at com.groot.suite2.Testcases.TC002_ServicesSection.ServicesSection(TC002_ServicesSection.java:41)
	at java.util.concurrent.FutureTask.run(FutureTask.java:266)
	at java.util.concurrent.ThreadPoolExecutor.runWorker(ThreadPoolExecutor.java:1149)
	at java.util.concurrent.ThreadPoolExecutor$Worker.run(ThreadPoolExecutor.java:624)
	at java.lang.Thread.run(Thread.java:748)
... Removed 16 stack frames]]>
    </failure>
  </testcase> <!-- ServicesSection -->
  <testcase name="OpenSourceSection" time="16.306" classname="com.groot.suite2.Testcases.TC03_OpenSource"/>
  <testcase name="BlogSection" time="10.503" classname="com.groot.suite2.Testcases.TC04_Blog"/>
  <testcase name="ServicesSection" time="0.068" classname="com.groot.suite2.Testcases.TC05_Team">
    <skipped/>
  </testcase> <!-- ServicesSection -->
  <testcase name="CareersSection" time="0.0" classname="com.groot.suite2.Testcases.TC06_Careers">
    <skipped/>
  </testcase> <!-- CareersSection -->
  <testcase name="CareersSection" time="0.0" classname="com.groot.suite2.Testcases.TC07_ContactUS">
    <skipped/>
  </testcase> <!-- CareersSection -->
  <testcase name="HomeImage_compare" time="0.0" classname="com.groot.suite2.Testcases.TC001_HomeSection">
    <skipped/>
  </testcase> <!-- HomeImage_compare -->
  <testcase name="HomeImage_compare" time="0.0" classname="com.groot.suite2.Testcases.TC002_ServicesSection">
    <skipped/>
  </testcase> <!-- HomeImage_compare -->
  <testcase name="HomeImage_compare" time="0.0" classname="com.groot.suite2.Testcases.TC03_OpenSource">
    <skipped/>
  </testcase> <!-- HomeImage_compare -->
  <testcase name="HomeImage_compare" time="0.0" classname="com.groot.suite2.Testcases.TC04_Blog">
    <skipped/>
  </testcase> <!-- HomeImage_compare -->
  <testcase name="CompareImage" time="0.0" classname="com.groot.suite2.Testcases.TC05_Team">
    <skipped/>
  </testcase> <!-- CompareImage -->
  <testcase name="PageImage" time="0.0" classname="com.groot.suite2.Testcases.TC06_Careers">
    <skipped/>
  </testcase> <!-- PageImage -->
  <testcase name="PageImage" time="0.0" classname="com.groot.suite2.Testcases.TC05_Team">
    <skipped/>
  </testcase> <!-- PageImage -->
  <testcase name="PageImage" time="0.0" classname="com.groot.suite2.Testcases.TC07_ContactUS">
    <skipped/>
  </testcase> <!-- PageImage -->
  <testcase name="HomeImage_compare" time="0.0" classname="com.groot.suite2.Testcases.TC05_Team">
    <skipped/>
  </testcase> <!-- HomeImage_compare -->
</testsuite> <!-- TC002_ServicesSection -->
